d:\c++\paint\paint\x64\debug\paint.obj
d:\c++\paint\paint\x64\debug\main.obj
d:\c++\paint\paint\x64\debug\layermanager.obj
d:\c++\paint\paint\x64\debug\vc140.pdb
d:\c++\paint\paint\x64\debug\moc_paint.obj
d:\c++\paint\x64\debug\paint.ilk
d:\c++\paint\x64\debug\paint.exe
d:\c++\paint\x64\debug\paint.pdb
d:\c++\paint\paint\x64\debug\\moc\moc_paint.cpp
d:\c++\paint\paint\x64\debug\uic\ui_paint.h
d:\c++\paint\paint\x64\debug\moc\moc_paint.cpp
d:\c++\paint\paint\x64\debug\\uic\ui_paint.h
d:\c++\paint\paint\x64\debug\paint.tlog\cl.command.1.tlog
d:\c++\paint\paint\x64\debug\paint.tlog\cl.read.1.tlog
d:\c++\paint\paint\x64\debug\paint.tlog\cl.write.1.tlog
d:\c++\paint\paint\x64\debug\paint.tlog\link.command.1.tlog
d:\c++\paint\paint\x64\debug\paint.tlog\link.read.1.tlog
d:\c++\paint\paint\x64\debug\paint.tlog\link.write.1.tlog
d:\c++\paint\paint\x64\debug\paint.tlog\moc.read.1u.tlog
d:\c++\paint\paint\x64\debug\paint.tlog\moc.write.1u.tlog
d:\c++\paint\paint\x64\debug\paint.tlog\paint.write.1u.tlog
d:\c++\paint\paint\x64\debug\paint.tlog\uic.read.1u.tlog
d:\c++\paint\paint\x64\debug\paint.tlog\uic.write.1u.tlog
